生成启动时间为 2021/10/22 2:17:34。
     1>项目“G:\ppt类等\cd_cauculator\cd_cauculator\cd_cauculator.vcxproj”在节点 2 上(build 个目标)。
     1>InitializeBuildStatus:
         正在创建“Debug\072040127樊卓铭.unsuccessfulbuild”，因为已指定“AlwaysCreate”。
       ClCompile:
         C:\Program Files (x86)\Microsoft Visual Studio 10.0\VC\bin\CL.exe /c /ZI /nologo /W3 /WX- /Od /Oy- /D WIN32 /D _DEBUG /D _CONSOLE /D _UNICODE /D UNICODE /Gm /EHsc /RTC1 /MDd /GS /fp:precise /Zc:wchar_t /Zc:forScope /Fo"Debug\\" /Fd"Debug\vc100.pdb" /Gd /TC /analyze- /errorReport:prompt main.c
         main.c
     1>g:\ppt类等\cd_cauculator\cd_cauculator\main.c(16): warning C4996: 'gets': This function or variable may be unsafe. Consider using gets_s instead. To disable deprecation, use _CRT_SECURE_NO_WARNINGS. See online help for details.
                 c:\program files (x86)\microsoft visual studio 10.0\vc\include\stdio.h(277) : 参见“gets”的声明
       ManifestResourceCompile:
         C:\Program Files (x86)\Microsoft SDKs\Windows\v7.0A\bin\rc.exe /nologo /fo"Debug\072040127樊卓铭.exe.embed.manifest.res" "Debug\072040127樊卓铭_manifest.rc" 
       Link:
         C:\Program Files (x86)\Microsoft Visual Studio 10.0\VC\bin\link.exe /ERRORREPORT:PROMPT /OUT:"G:\ppt类等\cd_cauculator\Debug\072040127樊卓铭.exe" /INCREMENTAL /NOLOGO kernel32.lib user32.lib gdi32.lib winspool.lib comdlg32.lib advapi32.lib shell32.lib ole32.lib oleaut32.lib uuid.lib odbc32.lib odbccp32.lib /MANIFEST /ManifestFile:"Debug\072040127樊卓铭.exe.intermediate.manifest" /MANIFESTUAC:"level='asInvoker' uiAccess='false'" /DEBUG /PDB:"G:\ppt类等\cd_cauculator\Debug\072040127樊卓铭.pdb" /SUBSYSTEM:CONSOLE /TLBID:1 /DYNAMICBASE /NXCOMPAT /IMPLIB:"G:\ppt类等\cd_cauculator\Debug\072040127樊卓铭.lib" /MACHINE:X86 "Debug\072040127樊卓铭.exe.embed.manifest.res"
         Debug\main.obj
       Manifest:
         正在删除文件“Debug\072040127樊卓铭.exe.embed.manifest”。
         C:\Program Files (x86)\Microsoft SDKs\Windows\v7.0A\bin\mt.exe /nologo /verbose /out:"Debug\072040127樊卓铭.exe.embed.manifest" /manifest "Debug\072040127樊卓铭.exe.intermediate.manifest"
         C:\Program Files (x86)\Microsoft SDKs\Windows\v7.0A\bin\rc.exe /nologo /fo"Debug\072040127樊卓铭.exe.embed.manifest.res" "Debug\072040127樊卓铭_manifest.rc" 
       LinkEmbedManifest:
         C:\Program Files (x86)\Microsoft Visual Studio 10.0\VC\bin\link.exe /ERRORREPORT:PROMPT /OUT:"G:\ppt类等\cd_cauculator\Debug\072040127樊卓铭.exe" /INCREMENTAL /NOLOGO kernel32.lib user32.lib gdi32.lib winspool.lib comdlg32.lib advapi32.lib shell32.lib ole32.lib oleaut32.lib uuid.lib odbc32.lib odbccp32.lib /MANIFEST /ManifestFile:"Debug\072040127樊卓铭.exe.intermediate.manifest" /MANIFESTUAC:"level='asInvoker' uiAccess='false'" /DEBUG /PDB:"G:\ppt类等\cd_cauculator\Debug\072040127樊卓铭.pdb" /SUBSYSTEM:CONSOLE /TLBID:1 /DYNAMICBASE /NXCOMPAT /IMPLIB:"G:\ppt类等\cd_cauculator\Debug\072040127樊卓铭.lib" /MACHINE:X86 "Debug\072040127樊卓铭.exe.embed.manifest.res"
         Debug\main.obj
         cd_cauculator.vcxproj -> G:\ppt类等\cd_cauculator\Debug\072040127樊卓铭.exe
       FinalizeBuildStatus:
         正在删除文件“Debug\072040127樊卓铭.unsuccessfulbuild”。
         正在对“Debug\072040127樊卓铭.lastbuildstate”执行 Touch 任务。
     1>已完成生成项目“G:\ppt类等\cd_cauculator\cd_cauculator\cd_cauculator.vcxproj”(build 个目标)的操作。

生成成功。

已用时间 00:00:04.14
